2025-09-06 10:35:28.940 | INFO     | utils_logger:<module>:41 - Logging to file: logs/project_log.log
2025-09-06 10:35:28.940 | INFO     | __main__:main:97 - Starting CSV fetch demonstration...
2025-09-06 10:35:28.940 | INFO     | __main__:fetch_csv_file:56 - Fetching CSV data from https://raw.githubusercontent.com/MainakRepositor/Datasets/master/World%20Happiness%20Data/2020.csv...
2025-09-06 10:35:29.216 | INFO     | __main__:write_csv_file:80 - Writing CSV data to example_data/2020_happiness.csv...
2025-09-06 10:35:29.217 | INFO     | __main__:write_csv_file:84 - SUCCESS: CSV data written to example_data/2020_happiness.csv
2025-09-06 10:35:29.217 | INFO     | __main__:fetch_csv_file:60 - SUCCESS: CSV file fetched and saved as 2020_happiness.csv
2025-09-06 10:58:14.113 | INFO     | utils_logger:<module>:41 - Logging to file: logs/project_log.log
2025-09-06 10:58:14.113 | INFO     | __main__:main:97 - Starting CSV fetch demonstration...
2025-09-06 10:58:14.113 | INFO     | __main__:fetch_csv_file:56 - Fetching CSV data from https://raw.githubusercontent.com/MainakRepositor/Datasets/master/World%20Happiness%20Data/2020.csv...
2025-09-06 10:58:14.293 | INFO     | __main__:write_csv_file:80 - Writing CSV data to example_data/2020_happiness.csv...
2025-09-06 10:58:14.294 | INFO     | __main__:write_csv_file:84 - SUCCESS: CSV data written to example_data/2020_happiness.csv
2025-09-06 10:58:14.294 | INFO     | __main__:fetch_csv_file:60 - SUCCESS: CSV file fetched and saved as 2020_happiness.csv
2025-09-06 11:02:21.307 | INFO     | utils_logger:<module>:41 - Logging to file: logs/project_log.log
2025-09-06 11:02:21.307 | INFO     | __main__:main:97 - Starting CSV fetch demonstration...
2025-09-06 11:02:21.308 | INFO     | __main__:fetch_csv_file:56 - Fetching CSV data from https://raw.githubusercontent.com/MainakRepositor/Datasets/master/World%20Happiness%20Data/2020.csv...
2025-09-06 11:02:21.363 | INFO     | __main__:write_csv_file:80 - Writing CSV data to example_data/2020_happiness.csv...
2025-09-06 11:02:21.364 | INFO     | __main__:write_csv_file:84 - SUCCESS: CSV data written to example_data/2020_happiness.csv
2025-09-06 11:02:21.364 | INFO     | __main__:fetch_csv_file:60 - SUCCESS: CSV file fetched and saved as 2020_happiness.csv
2025-09-06 11:03:01.573 | INFO     | utils_logger:<module>:41 - Logging to file: logs/project_log.log
2025-09-06 11:03:01.573 | INFO     | __main__:main:97 - Starting CSV fetch demonstration...
2025-09-06 11:03:01.573 | INFO     | __main__:fetch_csv_file:56 - Fetching CSV data from https://raw.githubusercontent.com/MainakRepositor/Datasets/master/World%20Happiness%20Data/2020.csv...
2025-09-06 11:03:01.622 | INFO     | __main__:write_csv_file:80 - Writing CSV data to hennelly_data/2020_happiness.csv...
2025-09-06 11:03:01.623 | INFO     | __main__:write_csv_file:84 - SUCCESS: CSV data written to hennelly_data/2020_happiness.csv
2025-09-06 11:03:01.623 | INFO     | __main__:fetch_csv_file:60 - SUCCESS: CSV file fetched and saved as 2020_happiness.csv
2025-09-06 11:08:28.312 | INFO     | utils_logger:<module>:41 - Logging to file: logs/project_log.log
2025-09-06 11:08:28.313 | INFO     | __main__:<module>:96 - Starting CSV processing...
2025-09-06 11:08:28.314 | INFO     | __main__:process_csv_file:89 - Processed CSV file: hennelly_data/2020_happiness.csv, Statistics saved to: hennelly_processed/happiness_ladder_score_stats.txt
2025-09-06 11:08:28.314 | INFO     | __main__:<module>:98 - CSV processing complete.
2025-09-06 11:13:18.255 | INFO     | utils_logger:<module>:41 - Logging to file: logs/project_log.log
2025-09-06 11:13:18.255 | INFO     | __main__:main:97 - Starting CSV fetch demonstration...
2025-09-06 11:13:18.255 | INFO     | __main__:fetch_csv_file:56 - Fetching CSV data from https://raw.githubusercontent.com/MainakRepositor/Datasets/master/World%20Happiness%20Data/2020.csv...
2025-09-06 11:13:18.418 | INFO     | __main__:write_csv_file:80 - Writing CSV data to data/2020_happiness.csv...
2025-09-06 11:13:18.419 | INFO     | __main__:write_csv_file:84 - SUCCESS: CSV data written to data/2020_happiness.csv
2025-09-06 11:13:18.419 | INFO     | __main__:fetch_csv_file:60 - SUCCESS: CSV file fetched and saved as 2020_happiness.csv
2025-09-06 11:13:39.527 | INFO     | utils_logger:<module>:41 - Logging to file: logs/project_log.log
2025-09-06 11:13:39.527 | INFO     | __main__:main:97 - Starting Excel fetch demonstration...
2025-09-06 11:13:39.527 | INFO     | __main__:fetch_excel_file:56 - Fetching Excel data from https://raw.githubusercontent.com/denisecase/datafun-03-analytics/main/hosted/Feedback.xlsx...
2025-09-06 11:13:39.941 | INFO     | __main__:write_excel_file:80 - Writing Excel data to data/Feedback.xlsx...
2025-09-06 11:13:39.941 | INFO     | __main__:write_excel_file:84 - SUCCESS: Excel data written to data/Feedback.xlsx
2025-09-06 11:13:39.941 | INFO     | __main__:fetch_excel_file:60 - SUCCESS: Excel file fetched and saved as Feedback.xlsx
2025-09-06 11:25:11.512 | INFO     | utils_logger:<module>:41 - Logging to file: logs/project_log.log
2025-09-06 11:25:11.512 | INFO     | __main__:main:97 - Starting Excel fetch demonstration...
2025-09-06 11:25:11.512 | INFO     | __main__:fetch_excel_file:56 - Fetching Excel data from https://raw.githubusercontent.com/denisecase/datafun-03-analytics/main/hosted/Feedback.xlsx...
2025-09-06 11:25:11.687 | INFO     | __main__:write_excel_file:80 - Writing Excel data to data/Feedback.xlsx...
2025-09-06 11:25:11.688 | INFO     | __main__:write_excel_file:84 - SUCCESS: Excel data written to data/Feedback.xlsx
2025-09-06 11:25:11.688 | INFO     | __main__:fetch_excel_file:60 - SUCCESS: Excel file fetched and saved as Feedback.xlsx
2025-09-06 11:36:37.456 | INFO     | utils_logger:<module>:41 - Logging to file: logs/project_log.log
2025-09-06 11:36:37.456 | INFO     | __main__:main:97 - Starting CSV fetch demonstration...
2025-09-06 11:36:37.456 | INFO     | __main__:fetch_csv_file:56 - Fetching CSV data from https://raw.githubusercontent.com/opendatabay/college-football-bowls-dataset/main/bowls.csv...
2025-09-06 11:36:37.615 | ERROR    | __main__:fetch_csv_file:62 - HTTP error occurred: 404 Client Error: Not Found for url: https://raw.githubusercontent.com/opendatabay/college-football-bowls-dataset/main/bowls.csv
2025-09-06 11:49:58.218 | INFO     | utils_logger:<module>:41 - Logging to file: logs/project_log.log
2025-09-06 11:49:58.218 | INFO     | __main__:main:97 - Starting CSV fetch demonstration...
2025-09-06 11:49:58.218 | INFO     | __main__:fetch_csv_file:56 - Fetching CSV data from https://raw.githubusercontent.com/Neil-Paine-1/College-Football-QB-PAR/main/historical-QB-PAR-seasons.csv...
2025-09-06 11:50:09.659 | INFO     | __main__:write_csv_file:80 - Writing CSV data to data/historical_QB_PAR_seasons.csv...
2025-09-06 11:50:09.663 | INFO     | __main__:write_csv_file:84 - SUCCESS: CSV data written to data/historical_QB_PAR_seasons.csv
2025-09-06 11:50:09.664 | INFO     | __main__:fetch_csv_file:60 - SUCCESS: CSV file fetched and saved as historical_QB_PAR_seasons.csv
2025-09-06 12:09:53.741 | INFO     | utils_logger:<module>:41 - Logging to file: logs/project_log.log
2025-09-06 12:09:53.741 | INFO     | __main__:<module>:89 - Starting CSV processing...
2025-09-06 12:09:53.742 | ERROR    | __main__:analyze_qb_par:57 - Error processing CSV file: [Errno 2] No such file or directory: 'hennelly_data/historical_QB_PAR_seasons.csv'
2025-09-06 12:13:12.251 | INFO     | utils_logger:<module>:41 - Logging to file: logs/project_log.log
2025-09-06 12:13:12.252 | INFO     | __main__:<module>:108 - Starting CSV processing...
2025-09-06 12:13:12.252 | ERROR    | __main__:analyze_qb_par:76 - Error processing CSV file: [Errno 2] No such file or directory: 'hennelly_data/historical_QB_PAR_seasons.csv'
2025-09-06 12:21:14.102 | INFO     | utils_logger:<module>:41 - Logging to file: logs/project_log.log
2025-09-06 12:21:14.102 | INFO     | __main__:<module>:114 - Starting CSV processing...
2025-09-06 12:21:14.102 | ERROR    | __main__:analyze_qb_par:76 - Error processing CSV file: [Errno 2] No such file or directory: 'hennelly_data/historical_QB_PAR_seasons.csv'
2025-09-06 12:21:14.102 | ERROR    | __main__:process_csv_file:95 - Stats dict empty; likely wrong column name. See error above.
2025-09-06 12:21:14.102 | INFO     | __main__:<module>:116 - CSV processing complete.
2025-09-06 12:28:31.506 | INFO     | utils_logger:<module>:41 - Logging to file: logs/project_log.log
2025-09-06 12:28:31.506 | INFO     | __main__:<module>:114 - Starting CSV processing...
2025-09-06 12:28:31.508 | ERROR    | __main__:analyze_qb_par:51 - PAR column not found. Available columns: ['Player', 'Att', 'Att', 'Year', 'Team', 'G', 'Cmp', 'Att', 'Inc', 'Cmp%', 'Yds', 'TD', 'Int', 'TD%', 'Int%', 'Rate', 'Y/A', 'AY/A', 'Y/C', 'Y/G', 'Rush', 'RushYd', 'Y/A', 'RushTD', 'Y/G', 'Pos', 'Cl.', 'Player ID', 'School ID', 'Est. PAA', 'Est. PAR', 'SRS SOS', '% Tm Ply', 'Tm Sched', 'Pass SOS', 'Adj. PAA', 'Adj. PAR', 'PAA/Gm', 'PAR/Gm', 'PAR/13']
2025-09-06 12:28:31.508 | ERROR    | __main__:process_csv_file:95 - Stats dict empty; likely wrong column name. See error above.
2025-09-06 12:28:31.509 | INFO     | __main__:<module>:116 - CSV processing complete.
2025-09-06 12:31:07.816 | INFO     | utils_logger:<module>:41 - Logging to file: logs/project_log.log
2025-09-06 12:31:07.816 | INFO     | __main__:<module>:114 - Starting CSV processing...
2025-09-06 12:31:07.980 | INFO     | __main__:process_csv_file:107 - Processed CSV file: data/historical_QB_PAR_seasons.csv, Statistics saved to: hennelly_processed/qb_par_stats.txt
2025-09-06 12:31:07.980 | INFO     | __main__:<module>:116 - CSV processing complete.
2025-09-06 12:37:41.142 | INFO     | utils_logger:<module>:41 - Logging to file: logs/project_log.log
2025-09-06 12:37:41.142 | INFO     | __main__:<module>:114 - Starting CSV processing...
2025-09-06 12:37:41.302 | INFO     | __main__:process_csv_file:107 - Processed CSV file: data/historical_QB_PAR_seasons.csv, Statistics saved to: hennelly_processed/qb_par_stats.txt
2025-09-06 12:37:41.302 | INFO     | __main__:<module>:116 - CSV processing complete.
2025-09-06 12:39:09.562 | INFO     | utils_logger:<module>:41 - Logging to file: logs/project_log.log
2025-09-06 12:39:09.562 | INFO     | __main__:<module>:115 - Starting CSV processing...
2025-09-06 12:42:05.099 | INFO     | utils_logger:<module>:41 - Logging to file: logs/project_log.log
2025-09-06 12:42:05.099 | INFO     | __main__:<module>:115 - Starting CSV processing...
2025-09-06 12:44:12.721 | INFO     | utils_logger:<module>:41 - Logging to file: logs/project_log.log
2025-09-06 12:44:12.721 | INFO     | __main__:<module>:116 - Starting CSV processing...
2025-09-06 12:44:12.887 | INFO     | __main__:process_csv_file:109 - Processed CSV file: data/historical_QB_PAR_seasons.csv, Statistics saved to: hennelly_processed/qb_par_stats.txt
2025-09-06 12:44:12.887 | INFO     | __main__:<module>:118 - CSV processing complete.
2025-09-06 14:02:12.970 | INFO     | utils_logger:<module>:41 - Logging to file: logs/project_log.log
2025-09-06 14:02:12.970 | INFO     | __main__:main:97 - Starting Excel fetch demonstration...
2025-09-06 14:02:12.971 | INFO     | __main__:fetch_excel_file:56 - Fetching Excel data from https://github.com/Cap110100/College-Football-Analysis/blob/main/All_stats.xlsx...
2025-09-06 14:02:13.772 | INFO     | __main__:write_excel_file:80 - Writing Excel data to data/Feedback.xlsx...
2025-09-06 14:02:13.773 | INFO     | __main__:write_excel_file:84 - SUCCESS: Excel data written to data/Feedback.xlsx
2025-09-06 14:02:13.773 | INFO     | __main__:fetch_excel_file:60 - SUCCESS: Excel file fetched and saved as Feedback.xlsx
2025-09-06 14:06:31.475 | INFO     | utils_logger:<module>:41 - Logging to file: logs/project_log.log
2025-09-06 14:06:31.475 | INFO     | __main__:main:97 - Starting Excel fetch demonstration...
2025-09-06 14:06:31.475 | INFO     | __main__:fetch_excel_file:56 - Fetching Excel data from https://github.com/Cap110100/College-Football-Analysis/blob/main/All_stats.xlsx...
2025-09-06 14:06:32.300 | INFO     | __main__:write_excel_file:80 - Writing Excel data to data/all_NCAA_data.xlsx...
2025-09-06 14:06:32.300 | INFO     | __main__:write_excel_file:84 - SUCCESS: Excel data written to data/all_NCAA_data.xlsx
2025-09-06 14:06:32.300 | INFO     | __main__:fetch_excel_file:60 - SUCCESS: Excel file fetched and saved as all_NCAA_data.xlsx
2025-09-06 14:30:59.459 | INFO     | utils_logger:<module>:41 - Logging to file: logs/project_log.log
2025-09-06 14:30:59.459 | INFO     | __main__:<module>:77 - Starting Excel processing...
2025-09-06 14:32:01.317 | INFO     | utils_logger:<module>:41 - Logging to file: logs/project_log.log
2025-09-06 14:32:01.317 | INFO     | __main__:<module>:77 - Starting Excel processing...
2025-09-06 14:32:01.318 | ERROR    | __main__:count_cody_schrader:45 - Error reading Excel file: File is not a zip file
2025-09-06 14:32:01.318 | INFO     | __main__:process_excel_file:70 - Processed Excel file: data/all_NCAA_data.xlsx, Word count saved to: hennelly_processed/cody_schrader.txt
2025-09-06 14:32:01.318 | INFO     | __main__:<module>:79 - Excel processing complete.
2025-09-06 14:35:20.342 | INFO     | utils_logger:<module>:41 - Logging to file: logs/project_log.log
2025-09-06 14:35:20.342 | INFO     | __main__:<module>:77 - Starting Excel processing...
2025-09-06 14:36:30.890 | INFO     | utils_logger:<module>:41 - Logging to file: logs/project_log.log
2025-09-06 14:36:30.890 | INFO     | __main__:<module>:77 - Starting Excel processing...
2025-09-06 14:43:14.314 | INFO     | utils_logger:<module>:41 - Logging to file: logs/project_log.log
2025-09-06 14:43:14.314 | INFO     | __main__:<module>:77 - Starting Excel processing...
2025-09-06 14:49:21.672 | INFO     | utils_logger:<module>:41 - Logging to file: logs/project_log.log
2025-09-06 14:49:21.672 | INFO     | __main__:main:97 - Starting Excel fetch demonstration...
2025-09-06 14:49:21.672 | INFO     | __main__:fetch_excel_file:56 - Fetching Excel data from https://github.com/KHenn22/datafun-03-analytics/blob/main/All_stats.xlsx...
2025-09-06 14:49:22.564 | INFO     | __main__:write_excel_file:80 - Writing Excel data to data/all_NCAA_data.xlsx...
2025-09-06 14:49:22.564 | INFO     | __main__:write_excel_file:84 - SUCCESS: Excel data written to data/all_NCAA_data.xlsx
2025-09-06 14:49:22.564 | INFO     | __main__:fetch_excel_file:60 - SUCCESS: Excel file fetched and saved as all_NCAA_data.xlsx
2025-09-06 14:50:13.255 | INFO     | utils_logger:<module>:41 - Logging to file: logs/project_log.log
2025-09-06 14:50:13.255 | INFO     | __main__:<module>:77 - Starting Excel processing...
2025-09-06 14:58:05.990 | INFO     | utils_logger:<module>:41 - Logging to file: logs/project_log.log
2025-09-06 14:58:05.990 | INFO     | __main__:main:97 - Starting Excel fetch demonstration...
2025-09-06 14:58:05.990 | INFO     | __main__:fetch_excel_file:56 - Fetching Excel data from https://raw.github.com/Cap110100/College-Football-Analysis/blob/main/All_stats.xlsx...
2025-09-06 14:58:06.725 | ERROR    | __main__:fetch_excel_file:62 - HTTP error occurred: 404 Client Error: Not Found for url: https://raw.githubusercontent.com/Cap110100/College-Football-Analysis/blob/main/All_stats.xlsx
2025-09-06 14:59:31.728 | INFO     | utils_logger:<module>:41 - Logging to file: logs/project_log.log
2025-09-06 14:59:31.728 | INFO     | __main__:main:97 - Starting Excel fetch demonstration...
2025-09-06 14:59:31.728 | INFO     | __main__:fetch_excel_file:56 - Fetching Excel data from https://raw.github.com/Cap110100/College-Football-Analysis/blob/main/All_stats.xlsx...
2025-09-06 14:59:32.504 | ERROR    | __main__:fetch_excel_file:62 - HTTP error occurred: 404 Client Error: Not Found for url: https://raw.githubusercontent.com/Cap110100/College-Football-Analysis/blob/main/All_stats.xlsx
2025-09-06 15:02:18.883 | INFO     | utils_logger:<module>:41 - Logging to file: logs/project_log.log
2025-09-06 15:02:18.883 | INFO     | __main__:main:97 - Starting Excel fetch demonstration...
2025-09-06 15:02:18.884 | INFO     | __main__:fetch_excel_file:56 - Fetching Excel data from https://raw.githubusercontent.com/Cap110100/College-Football-Analysis/main/All_stats.xlsx...
2025-09-06 15:02:19.266 | INFO     | __main__:write_excel_file:80 - Writing Excel data to data/all_NCAA_data.xlsx...
2025-09-06 15:02:19.267 | INFO     | __main__:write_excel_file:84 - SUCCESS: Excel data written to data/all_NCAA_data.xlsx
2025-09-06 15:02:19.267 | INFO     | __main__:fetch_excel_file:60 - SUCCESS: Excel file fetched and saved as all_NCAA_data.xlsx
2025-09-06 15:02:40.249 | INFO     | utils_logger:<module>:41 - Logging to file: logs/project_log.log
2025-09-06 15:02:40.249 | INFO     | __main__:<module>:77 - Starting Excel processing...
2025-09-06 15:02:48.121 | INFO     | __main__:process_excel_file:70 - Processed Excel file: data/all_NCAA_data.xlsx, Word count saved to: hennelly_processed/cody_schrader.txt
2025-09-06 15:02:48.121 | INFO     | __main__:<module>:79 - Excel processing complete.
2025-09-07 09:54:37.859 | INFO     | utils_logger:<module>:41 - Logging to file: logs/project_log.log
2025-09-07 09:54:37.859 | INFO     | __main__:main:98 - Starting JSON fetch demonstration...
2025-09-07 09:54:37.859 | INFO     | __main__:fetch_json_file:57 - Fetching JSON data from https://github.com/statsbomb/open-data/blob/master/data/competitions.json...
2025-09-07 09:54:38.731 | ERROR    | __main__:fetch_json_file:65 - Request error occurred: Expecting value: line 7 column 1 (char 6)
2025-09-07 09:56:55.731 | INFO     | utils_logger:<module>:41 - Logging to file: logs/project_log.log
2025-09-07 09:56:55.731 | INFO     | __main__:main:95 - Starting JSON fetch demonstration...
2025-09-07 09:56:55.731 | INFO     | __main__:fetch_json_file:54 - Fetching JSON data from https://raw.githubusercontent.com/statsbomb/open-data/refs/heads/master/data/competitions.json...
2025-09-07 09:56:55.834 | INFO     | __main__:write_json_file:78 - Writing JSON data to data/competitions.json...
2025-09-07 09:56:55.836 | INFO     | __main__:write_json_file:82 - SUCCESS: JSON data written to data/competitions.json
2025-09-07 09:56:55.836 | INFO     | __main__:fetch_json_file:58 - SUCCESS: JSON file fetched and saved as competitions.json
2025-09-07 09:58:24.027 | INFO     | utils_logger:<module>:41 - Logging to file: logs/project_log.log
2025-09-07 09:58:24.027 | INFO     | __main__:main:95 - Starting JSON fetch demonstration...
2025-09-07 09:58:24.028 | INFO     | __main__:fetch_json_file:54 - Fetching JSON data from https://raw.githubusercontent.com/statsbomb/open-data/refs/heads/master/data/competitions.json...
2025-09-07 09:58:24.069 | INFO     | __main__:write_json_file:78 - Writing JSON data to data/competitions.json...
2025-09-07 09:58:24.071 | INFO     | __main__:write_json_file:82 - SUCCESS: JSON data written to data/competitions.json
2025-09-07 09:58:24.071 | INFO     | __main__:fetch_json_file:58 - SUCCESS: JSON file fetched and saved as competitions.json
2025-09-07 09:58:45.210 | INFO     | utils_logger:<module>:41 - Logging to file: logs/project_log.log
2025-09-07 09:58:45.210 | INFO     | __main__:main:95 - Starting JSON fetch demonstration...
2025-09-07 09:58:45.210 | INFO     | __main__:fetch_json_file:54 - Fetching JSON data from https://raw.githubusercontent.com/statsbomb/open-data/refs/heads/master/data/competitions.json...
2025-09-07 09:58:45.252 | INFO     | __main__:write_json_file:78 - Writing JSON data to data/matches.json...
2025-09-07 09:58:45.255 | INFO     | __main__:write_json_file:82 - SUCCESS: JSON data written to data/matches.json
2025-09-07 09:58:45.255 | INFO     | __main__:fetch_json_file:58 - SUCCESS: JSON file fetched and saved as matches.json
2025-09-07 10:14:06.184 | INFO     | utils_logger:<module>:41 - Logging to file: logs/project_log.log
2025-09-07 10:14:54.357 | INFO     | utils_logger:<module>:41 - Logging to file: logs/project_log.log
2025-09-07 10:14:54.357 | INFO     | __main__:<module>:92 - Starting JSON processing...
2025-09-07 10:14:54.358 | INFO     | __main__:process_json_file:85 - Processed JSON file: data/matches.json, Results saved to: hennelly_processed/json_matches_by_league.txt
2025-09-07 10:14:54.358 | INFO     | __main__:<module>:94 - JSON processing complete.
2025-09-07 10:26:50.052 | INFO     | utils_logger:<module>:41 - Logging to file: logs/project_log.log
2025-09-07 10:27:18.243 | INFO     | utils_logger:<module>:41 - Logging to file: logs/project_log.log
2025-09-07 10:27:45.368 | INFO     | utils_logger:<module>:41 - Logging to file: logs/project_log.log
2025-09-07 10:27:45.368 | INFO     | __main__:<module>:91 - Starting JSON processing...
2025-09-07 10:31:05.866 | INFO     | utils_logger:<module>:41 - Logging to file: logs/project_log.log
2025-09-07 10:31:05.866 | INFO     | __main__:<module>:91 - Starting JSON processing...
2025-09-07 10:32:00.977 | INFO     | utils_logger:<module>:41 - Logging to file: logs/project_log.log
2025-09-07 10:32:00.977 | INFO     | __main__:<module>:92 - Starting JSON processing...
2025-09-07 10:32:00.977 | INFO     | __main__:process_json_file:85 - Processed JSON file: data/matches.json, Results saved to: hennelly_processed/json_competitions_by_league.txt
2025-09-07 10:32:00.978 | INFO     | __main__:<module>:94 - JSON processing complete.
2025-09-07 10:36:28.526 | INFO     | utils_logger:<module>:41 - Logging to file: logs/project_log.log
2025-09-07 10:36:28.527 | INFO     | __main__:<module>:92 - Starting JSON processing...
2025-09-07 10:36:28.527 | INFO     | __main__:process_json_file:85 - Processed JSON file: data/matches.json, Results saved to: hennelly_processed/json_seasons_per_competition.txt
2025-09-07 10:36:28.527 | INFO     | __main__:<module>:94 - JSON processing complete.
2025-09-07 10:40:03.326 | INFO     | utils_logger:<module>:41 - Logging to file: logs/project_log.log
2025-09-07 10:40:03.326 | INFO     | __main__:<module>:92 - Starting JSON processing...
2025-09-07 10:40:03.327 | INFO     | __main__:process_json_file:85 - Processed JSON file: data/matches.json, Results saved to: hennelly_processed/json_seasons_per_competition.txt
2025-09-07 10:40:03.327 | INFO     | __main__:<module>:94 - JSON processing complete.
2025-09-07 11:12:48.898 | INFO     | utils_logger:<module>:41 - Logging to file: logs/project_log.log
2025-09-07 11:12:48.898 | INFO     | __main__:main:97 - Starting text fetch demonstration...
2025-09-07 11:12:48.899 | INFO     | __main__:fetch_txt_file:56 - Fetching text data from https://www.gutenberg.org/cache/epub/2701/pg2701.txt...
2025-09-07 11:13:18.837 | INFO     | __main__:write_txt_file:80 - Writing data to data/ahab.txt...
2025-09-07 11:13:18.840 | INFO     | __main__:write_txt_file:84 - SUCCESS: Data written to data/ahab.txt
2025-09-07 11:13:18.840 | INFO     | __main__:fetch_txt_file:60 - SUCCESS: Text file fetched and saved as ahab.txt
2025-09-07 11:18:08.361 | INFO     | utils_logger:<module>:41 - Logging to file: logs/project_log.log
2025-09-07 11:18:08.361 | INFO     | __main__:<module>:66 - Starting text processing...
2025-09-07 11:18:08.378 | INFO     | __main__:process_text_file:59 - Processed text file: data/ahab.txt, Word count saved to: hennelly_processed/text_ahab_word_count.txt
2025-09-07 11:18:08.378 | INFO     | __main__:<module>:68 - Text processing complete.
